[19:04:37] [ServerMain/INFO]: [bootstrap] Running Java 21 (OpenJDK 64-Bit Server VM 21.0.6+7-Ubuntu-120.04.1; Ubuntu null) on Linux 6.8.0-1021-azure (amd64)
[19:04:37] [ServerMain/INFO]: [bootstrap] Loading Paper 1.21-130-master@b1b5d4c (2024-08-10T10:02:42Z) for Minecraft 1.21
[19:04:37] [ServerMain/INFO]: [PluginInitializerManager] Initializing plugins...
[19:04:37] [ServerMain/INFO]: [PluginInitializerManager] Initialized 4 plugins
[19:04:37] [ServerMain/INFO]: [PluginInitializerManager] Bukkit plugins (4):
 - Geyser-Spigot (2.6.1-SNAPSHOT), ViaBackwards (5.2.1), ViaVersion (5.2.1), floodgate (2.2.4-SNAPSHOT (b116-0e3163c))
[19:04:42] [ServerMain/INFO]: Environment: Environment[sessionHost=https://sessionserver.mojang.com, servicesHost=https://api.minecraftservices.com, name=PROD]
[19:04:44] [ServerMain/INFO]: Loaded 1290 recipes
[19:04:44] [ServerMain/INFO]: Loaded 1399 advancements
[19:04:44] [Server thread/INFO]: Starting minecraft server version 1.21
[19:04:44] [Server thread/INFO]: Loading properties
[19:04:44] [Server thread/INFO]: This server is running Paper version 1.21-130-master@b1b5d4c (2024-08-10T10:02:42Z) (Implementing API version 1.21-R0.1-SNAPSHOT)
[19:04:45] [Server thread/INFO]: [spark] This server bundles the spark profiler. For more information please visit https://docs.papermc.io/paper/profiling
[19:04:45] [Server thread/INFO]: Server Ping Player Sample Count: 12
[19:04:45] [Server thread/INFO]: Using 4 threads for Netty based IO
[19:04:46] [Server thread/INFO]: [ChunkTaskScheduler] Chunk system is using 1 I/O threads, 1 worker threads, and population gen parallelism of 1 threads
[19:04:46] [Server thread/INFO]: Default game type: SURVIVAL
[19:04:46] [Server thread/INFO]: Generating keypair
[19:04:46] [Server thread/INFO]: Starting Minecraft server on *:25565
[19:04:46] [Server thread/INFO]: Using epoll channel type
[19:04:46] [Server thread/INFO]: Paper: Using libdeflate (Linux x86_64) compression from Velocity.
[19:04:46] [Server thread/INFO]: Paper: Using OpenSSL 1.1.x (Linux x86_64) cipher from Velocity.
[19:04:48] [Server thread/INFO]: [floodgate] Loading server plugin floodgate v2.2.4-SNAPSHOT (b116-0e3163c)
[19:04:50] [Server thread/WARN]: [floodgate] en_ is not a supported Floodgate language.
[19:04:50] [Server thread/INFO]: [floodgate] Took 2,115ms to boot Floodgate
[19:04:50] [Server thread/INFO]: [ViaVersion] Loading server plugin ViaVersion v5.2.1
[19:04:50] [Server thread/INFO]: [ViaVersion] ViaVersion 5.2.1 is now loaded. Registering protocol transformers and injecting...
[19:04:51] [Via-Mappingloader-0/INFO]: [ViaVersion] Loading block connection mappings ...
[19:04:51] [Via-Mappingloader-0/INFO]: [ViaVersion] Using FastUtil Long2ObjectOpenHashMap for block connections
[19:04:52] [Server thread/INFO]: [ViaBackwards] Loading translations...
[19:04:52] [Server thread/INFO]: [ViaBackwards] Registering protocols...
[19:04:53] [Server thread/INFO]: [Geyser-Spigot] Loading server plugin Geyser-Spigot v2.6.1-SNAPSHOT
[19:04:55] [Server thread/INFO]: [Geyser-Spigot] Loading extensions...
[19:04:55] [Server thread/INFO]: [Geyser-Spigot] Loaded 0 extension(s)
[19:04:55] [Server thread/INFO]: [ViaBackwards] Loading server plugin ViaBackwards v5.2.1
[19:04:55] [Server thread/INFO]: Server permissions file permissions.yml is empty, ignoring it
[19:04:55] [Server thread/WARN]: **** SERVER IS RUNNING IN OFFLINE/INSECURE MODE!
[19:04:55] [Server thread/WARN]: The server will make no attempt to authenticate usernames. Beware.
[19:04:55] [Server thread/WARN]: While this makes the game possible to play without internet access, it also opens up the ability for hackers to connect with any username they choose.
[19:04:55] [Server thread/WARN]: To change this, set "online-mode" to "true" in the server.properties file.
[19:04:55] [Server thread/INFO]: Preparing level "world"
[19:04:55] [Server thread/INFO]: Preparing start region for dimension minecraft:overworld
[19:04:56] [Server thread/INFO]: Time elapsed: 1119 ms
[19:04:57] [Server thread/INFO]: Preparing start region for dimension minecraft:the_nether
[19:04:57] [Server thread/INFO]: Time elapsed: 202 ms
[19:04:57] [Server thread/INFO]: Preparing start region for dimension minecraft:the_end
[19:04:57] [Server thread/INFO]: Time elapsed: 110 ms
[19:04:57] [Server thread/INFO]: [floodgate] Enabling floodgate v2.2.4-SNAPSHOT (b116-0e3163c)
[19:04:58] [Server thread/INFO]: [ViaVersion] Enabling ViaVersion v5.2.1
[19:04:58] [Server thread/INFO]: [ViaVersion] ViaVersion detected server version: 1.21-1.21.1 (767)
[19:04:58] [Server thread/INFO]: [Geyser-Spigot] Enabling Geyser-Spigot v2.6.1-SNAPSHOT
[19:04:59] [Server thread/INFO]: [ViaBackwards] Enabling ViaBackwards v5.2.1
[19:04:59] [Server thread/INFO]: [spark] Starting background profiler...
[19:04:59] [Server thread/INFO]: [Geyser-Spigot] ******************************************
[19:04:59] [Server thread/INFO]: [Geyser-Spigot] 
[19:04:59] [Server thread/INFO]: [Geyser-Spigot] Loading Geyser version 2.6.1-b786 (git-master-32160c5)
[19:04:59] [Server thread/INFO]: [Geyser-Spigot] 
[19:04:59] [Server thread/INFO]: [Geyser-Spigot] ******************************************
[19:05:07] [epollEventLoopGroup-3-1/INFO]: [Geyser-Spigot] Started Geyser on UDP port 3636
[19:05:07] [Server thread/INFO]: [Geyser-Spigot] Done (8.007s)! Run /geyser help for help!
[19:05:07] [Server thread/INFO]: Done preparing level "world" (12.347s)
[19:05:07] [Server thread/INFO]: Running delayed init tasks
[19:05:07] [Server thread/INFO]: Done (31.539s)! For help, type "help"
[19:05:07] [Server thread/INFO]: Timings Reset
[19:05:07] [Craft Scheduler Thread - 2 - ViaVersion/INFO]: [ViaVersion] Finished mapping loading, shutting down loader executor.
[19:05:59] [User Authenticator #0/INFO]: UUID of player Jaronese96 is d7d5dc13-ffa5-397d-8084-4b1611375307
[19:06:02] [Server thread/INFO]: Jaronese96 joined the game
[19:06:02] [Server thread/INFO]: Jaronese96[/127.199.167.134:36471] logged in with entity id 19 at ([world]-411.0194036234693, 63.0, -355.49265631749273)
[19:10:09] [Server thread/INFO]: Jaronese96 lost connection: Disconnected
[19:10:09] [Server thread/INFO]: Jaronese96 left the game
[19:11:29] [User Authenticator #1/INFO]: UUID of player Jaronese96 is d7d5dc13-ffa5-397d-8084-4b1611375307
[19:11:30] [Server thread/INFO]: Jaronese96 joined the game
[19:11:30] [Server thread/INFO]: Jaronese96[/127.199.167.134:56375] logged in with entity id 602 at ([world]-412.91986475385846, 63.0, -347.9716574394771)
[19:13:27] [User Authenticator #2/INFO]: UUID of player jhtndefinitive is cbffe617-acbb-3759-99fb-1372cfd92278
[19:13:29] [Server thread/INFO]: jhtndefinitive joined the game
[19:13:29] [Server thread/INFO]: jhtndefinitive[/127.70.248.167:42279] logged in with entity id 982 at ([world]54.5, 76.0, 33.5)
[19:13:36] [Async Chat Thread - #0/INFO]: [Not Secure] <jhtndefinitive> pn
[19:13:43] [Async Chat Thread - #0/INFO]: [Not Secure] <Jaronese96> caca
[19:13:54] [Async Chat Thread - #0/INFO]: [Not Secure] <jhtndefinitive> ahora me termino el maicra dame 5 horas
[19:14:09] [Async Chat Thread - #0/INFO]: [Not Secure] <Jaronese96> XDDD
[19:14:17] [Async Chat Thread - #0/INFO]: [Not Secure] <Jaronese96> te paso mis cordenadas?
[19:14:53] [Async Chat Thread - #0/INFO]: [Not Secure] <jhtndefinitive> pasa
[19:15:17] [Async Chat Thread - #0/INFO]: [Not Secure] <jhtndefinitive> oe tu cagada tiene lag
[19:15:20] [Async Chat Thread - #0/INFO]: [Not Secure] <Jaronese96> -420 64 -361
[19:15:27] [Async Chat Thread - #0/INFO]: [Not Secure] <Jaronese96> lo se bb
[19:15:32] [Async Chat Thread - #0/INFO]: [Not Secure] <Jaronese96> dentro de un rato va normal
[19:17:58] [Async Chat Thread - #2/INFO]: [Not Secure] <jhtndefinitive> ya ahi veo
[19:18:19] [Async Chat Thread - #2/INFO]: [Not Secure] <jhtndefinitive> nadie mas a entrado?
[19:18:25] [Async Chat Thread - #2/INFO]: [Not Secure] <Jaronese96> rany y jhenry
[19:19:39] [Server thread/INFO]: jhtndefinitive has made the advancement [Stone Age]
[19:19:55] [Server thread/INFO]: jhtndefinitive has made the advancement [Getting an Upgrade]
[19:25:19] [Async Chat Thread - #4/INFO]: [Not Secure] <jhtndefinitive> ya estoy llegando bb
[19:25:24] [Async Chat Thread - #4/INFO]: [Not Secure] <Jaronese96> yia
[19:31:49] [Server thread/INFO]: Jaronese96 was slain by Zombie
[19:35:25] [Server thread/INFO]: Jaronese96 has made the advancement [A Seedy Place]
[19:36:17] [Server thread/INFO]: Made Jaronese96 a server operator
[19:36:25] [Server thread/INFO]: Jaronese96 issued server command: /gamemode creative
[19:36:25] [Server thread/INFO]: [Jaronese96: Set own game mode to Creative Mode]
[19:38:58] [Server thread/INFO]: Jaronese96 issued server command: /gamerule randomTickSpeed 50
[19:38:58] [Server thread/INFO]: [Jaronese96: Gamerule randomTickSpeed is now set to: 50]
[19:39:00] [Server thread/INFO]: jhtndefinitive has made the advancement [Monster Hunter]
[19:40:03] [Server thread/INFO]: Jaronese96 issued server command: /gamemode survival
[19:40:03] [Server thread/INFO]: [Jaronese96: Set own game mode to Survival Mode]
[19:40:04] [Server thread/INFO]: Jaronese96 issued server command: /gamemode creative
[19:40:04] [Server thread/INFO]: [Jaronese96: Set own game mode to Creative Mode]
[19:40:12] [Server thread/INFO]: Jaronese96 issued server command: /gamemode survival
[19:40:12] [Server thread/INFO]: [Jaronese96: Set own game mode to Survival Mode]
[19:40:29] [Server thread/INFO]: Jaronese96 issued server command: /gamemode creative
[19:40:29] [Server thread/INFO]: [Jaronese96: Set own game mode to Creative Mode]
[19:40:35] [Server thread/INFO]: Jaronese96 has reached the goal [Hired Help]
[19:42:29] [Server thread/INFO]: Jaronese96 has made the advancement [Country Lode, Take Me Home]
[19:42:48] [Async Chat Thread - #6/INFO]: [Not Secure] <jhtndefinitive> ey deja algo para los top globales
[19:42:55] [Async Chat Thread - #6/INFO]: [Not Secure] <Jaronese96> XD
[19:42:56] [Server thread/INFO]: Jaronese96 issued server command: /gamemode survival
[19:42:56] [Server thread/INFO]: [Jaronese96: Set own game mode to Survival Mode]
[19:43:40] [Server thread/INFO]: Jaronese96 issued server command: /gamemode creative
[19:43:40] [Server thread/INFO]: [Jaronese96: Set own game mode to Creative Mode]
[19:43:52] [Server thread/INFO]: Jaronese96 issued server command: /gamemode survival
[19:43:52] [Server thread/INFO]: [Jaronese96: Set own game mode to Survival Mode]
[19:44:02] [Server thread/INFO]: Jaronese96 issued server command: /xp add Jaronese96 100 points
[19:44:02] [Server thread/INFO]: [Jaronese96: Gave 100 experience points to Jaronese96]
[19:44:06] [Server thread/INFO]: Jaronese96 issued server command: /xp add Jaronese96 100 levels
[19:44:06] [Server thread/INFO]: [Jaronese96: Gave 100 experience levels to Jaronese96]
[19:44:08] [Server thread/INFO]: Jaronese96 issued server command: /gamemode creative
[19:44:08] [Server thread/INFO]: [Jaronese96: Set own game mode to Creative Mode]
[19:44:11] [Server thread/INFO]: Jaronese96 issued server command: /gamemode survival
[19:44:11] [Server thread/INFO]: [Jaronese96: Set own game mode to Survival Mode]
[19:44:36] [Server thread/INFO]: Jaronese96 has made the advancement [Enchanter]
